<?xml version="1.0" encoding="UTF-8"?>
<testsuite xmlns:xsi="http://www.w3.org/2001/XMLSchema-instance" xsi:noNamespaceSchemaLocation="https://maven.apache.org/surefire/maven-surefire-plugin/xsd/surefire-test-report.xsd" version="3.0.2" name="com.thiagosalvess.booking.infrastructure.repositories.BookingRepositoryJpaTest" time="2.421" tests="3" errors="0" skipped="0" failures="0">
  <properties>
[...]
</properties>
  <testcase name="shouldSaveBookingSuccessfuly" classname="com.thiagosalvess.booking.infrastructure.repositories.BookingRepositoryJpaTest" time="0.021">
    <system-out><![CDATA[2025-08-24T00:34:13.805Z  INFO 66 --- [           main] t.c.s.AnnotationConfigContextLoaderUtils : Could not detect default configuration classes for test class [com.thiagosalvess.booking.infrastructure.repositories.BookingRepositoryJpaTest]: BookingRepositoryJpaTest does not declare any static, non-private, non-final, nested classes annotated with @Configuration.
2025-08-24T00:34:13.820Z  INFO 66 --- [           main] .b.t.c.SpringBootTestContextBootstrapper : Found @SpringBootConfiguration com.thiagosalvess.booking.BookingApplication for test class com.thiagosalvess.booking.infrastructure.repositories.BookingRepositoryJpaTest
2025-08-24T00:34:13.822Z  INFO 66 --- [           main] tc.postgres:17-alpine                    : Creating container for image: postgres:17-alpine
2025-08-24T00:34:13.899Z  INFO 66 --- [           main] tc.postgres:17-alpine                    : Container postgres:17-alpine is starting: 25acdc25cbbbb6cbb66fb4d4548553ae20f07ef446dd9f437c9dd858734fca2d
2025-08-24T00:34:15.489Z  INFO 66 --- [           main] tc.postgres:17-alpine                    : Container postgres:17-alpine started in PT1.667224561S
2025-08-24T00:34:15.489Z  INFO 66 --- [           main] tc.postgres:17-alpine                    : Container is started (JDBC URL: jdbc:postgresql://host.docker.internal:52200/test?loggerLevel=OFF)
2025-08-24T00:34:15.491Z  INFO 66 --- [           main] o.s.b.d.r.RestartApplicationListener     : Restart disabled due to context in which it is running

  .   ____          _            __ _ _
 /\\ / ___'_ __ _ _(_)_ __  __ _ \ \ \ \
( ( )\___ | '_ | '_| | '_ \/ _` | \ \ \ \
 \\/  ___)| |_)| | | | | || (_| |  ) ) ) )
  '  |____| .__|_| |_|_| |_\__, | / / / /
 =========|_|==============|___/=/_/_/_/

 :: Spring Boot ::                (v3.5.4)

2025-08-24T00:34:15.501Z  INFO 66 --- [           main] c.t.b.i.r.BookingRepositoryJpaTest       : Starting BookingRepositoryJpaTest using Java 21.0.4 with PID 66 (started by root in /workspace)
2025-08-24T00:34:15.501Z  INFO 66 --- [           main] c.t.b.i.r.BookingRepositoryJpaTest       : No active profile set, falling back to 1 default profile: "default"
2025-08-24T00:34:15.550Z  INFO 66 --- [           main] .s.d.r.c.RepositoryConfigurationDelegate : Bootstrapping Spring Data JPA repositories in DEFAULT mode.
2025-08-24T00:34:15.558Z  INFO 66 --- [           main] .s.d.r.c.RepositoryConfigurationDelegate : Finished Spring Data repository scanning in 7 ms. Found 3 JPA repository interfaces.
2025-08-24T00:34:15.651Z  INFO 66 --- [           main] o.hibernate.jpa.internal.util.LogHelper  : HHH000204: Processing PersistenceUnitInfo [name: default]
2025-08-24T00:34:15.652Z  INFO 66 --- [           main] o.h.c.internal.RegionFactoryInitiator    : HHH000026: Second-level cache disabled
2025-08-24T00:34:15.657Z  INFO 66 --- [           main] o.s.o.j.p.SpringPersistenceUnitInfo      : No LoadTimeWeaver setup: ignoring JPA class transformer
2025-08-24T00:34:15.658Z  INFO 66 --- [           main] com.zaxxer.hikari.HikariDataSource       : HikariPool-3 - Starting...
2025-08-24T00:34:15.683Z  INFO 66 --- [           main] com.zaxxer.hikari.pool.HikariPool        : HikariPool-3 - Added connection org.postgresql.jdbc.PgConnection@5679e464
2025-08-24T00:34:15.683Z  INFO 66 --- [           main] com.zaxxer.hikari.HikariDataSource       : HikariPool-3 - Start completed.
2025-08-24T00:34:15.693Z  INFO 66 --- [           main] org.hibernate.orm.connections.pooling    : HHH10001005: Database info:
	Database JDBC URL [Connecting through datasource 'HikariDataSource (HikariPool-3)']
	Database driver: undefined/unknown
	Database version: 17.6
	Autocommit mode: undefined/unknown
	Isolation level: undefined/unknown
	Minimum pool size: undefined/unknown
	Maximum pool size: undefined/unknown
2025-08-24T00:34:15.720Z  INFO 66 --- [           main] o.h.e.t.j.p.i.JtaPlatformInitiator       : HHH000489: No JTA platform available (set 'hibernate.transaction.jta.platform' to enable JTA platform integration)
Hibernate: set client_min_messages = WARNING
Hibernate: alter table if exists bookings drop constraint if exists FK3ssvol26ajmfox323uk7n9pun
Hibernate: alter table if exists bookings drop constraint if exists FKj94ktyvmw1driaufktolkpj1c
Hibernate: drop table if exists bookings cascade
Hibernate: drop table if exists properties cascade
Hibernate: drop table if exists users cascade
Hibernate: create table bookings (end_date date, guest_count integer, start_date date, total_price float(53), guest_id uuid, id uuid not null, property_id uuid, status varchar(255) check (status in ('CONFIRMED','CANCELLED')), primary key (id))
Hibernate: create table properties (base_price_per_night float(53), max_guests integer, id uuid not null, description varchar(255), name varchar(255), primary key (id))
Hibernate: create table users (id uuid not null, name varchar(255), primary key (id))
Hibernate: alter table if exists bookings add constraint FK3ssvol26ajmfox323uk7n9pun foreign key (guest_id) references users
Hibernate: alter table if exists bookings add constraint FKj94ktyvmw1driaufktolkpj1c foreign key (property_id) references properties
2025-08-24T00:34:15.750Z  INFO 66 --- [           main] j.LocalContainerEntityManagerFactoryBean : Initialized JPA EntityManagerFactory for persistence unit 'default'
2025-08-24T00:34:15.778Z  INFO 66 --- [           main] c.t.b.i.r.BookingRepositoryJpaTest       : Started BookingRepositoryJpaTest in 0.287 seconds (process running for 11.037)
Hibernate: select pe1_0.id,pe1_0.base_price_per_night,pe1_0.description,pe1_0.max_guests,pe1_0.name from properties pe1_0 where pe1_0.id=?
Hibernate: select ue1_0.id,ue1_0.name from users ue1_0 where ue1_0.id=?
Hibernate: select be1_0.id,be1_0.end_date,be1_0.guest_id,be1_0.guest_count,be1_0.property_id,be1_0.start_date,be1_0.status,be1_0.total_price from bookings be1_0 where be1_0.id=?
]]></system-out>
  </testcase>
  <testcase name="shouldReturnEmptyWhenSearchingForAReservationThatNotExists" classname="com.thiagosalvess.booking.infrastructure.repositories.BookingRepositoryJpaTest" time="0.007">
    <system-out><![CDATA[Hibernate: select be1_0.id,be1_0.end_date,be1_0.guest_id,be1_0.guest_count,be1_0.property_id,be1_0.start_date,be1_0.status,be1_0.total_price from bookings be1_0 where be1_0.id=?
]]></system-out>
  </testcase>
  <testcase name="shouldSaveReservationSuccessfulyAndMakeCancelation" classname="com.thiagosalvess.booking.infrastructure.repositories.BookingRepositoryJpaTest" time="0.014">
    <system-out><![CDATA[Hibernate: select pe1_0.id,pe1_0.base_price_per_night,pe1_0.description,pe1_0.max_guests,pe1_0.name from properties pe1_0 where pe1_0.id=?
Hibernate: select ue1_0.id,ue1_0.name from users ue1_0 where ue1_0.id=?
Hibernate: select be1_0.id,be1_0.end_date,be1_0.guest_id,be1_0.guest_count,be1_0.property_id,be1_0.start_date,be1_0.status,be1_0.total_price from bookings be1_0 where be1_0.id=?
]]></system-out>
  </testcase>
</testsuite>