<?xml version="1.0" encoding="UTF-8"?>
<testsuite xmlns:xsi="http://www.w3.org/2001/XMLSchema-instance" xsi:noNamespaceSchemaLocation="https://maven.apache.org/surefire/maven-surefire-plugin/xsd/surefire-test-report.xsd" version="3.0.2" name="com.thiagosalvess.booking.infrastructure.repositories.UserRepositoryJpaTest" time="4.668" tests="3" errors="0" skipped="0" failures="0">
  <properties>
[...]
</properties>
  <testcase name="shouldReturnUserWhenIdIsValid" classname="com.thiagosalvess.booking.infrastructure.repositories.UserRepositoryJpaTest" time="0.09">
    <system-out><![CDATA[00:34:06.632 [main] INFO org.springframework.test.context.support.AnnotationConfigContextLoaderUtils -- Could not detect default configuration classes for test class [com.thiagosalvess.booking.infrastructure.repositories.UserRepositoryJpaTest]: UserRepositoryJpaTest does not declare any static, non-private, non-final, nested classes annotated with @Configuration.
00:34:06.670 [main] INFO org.testcontainers.images.PullPolicy -- Image pull policy will be performed by: DefaultPullPolicy()
00:34:06.672 [main] INFO org.testcontainers.utility.ImageNameSubstitutor -- Image name substitution will be performed by: DefaultImageNameSubstitutor (composite of 'ConfigurationFileImageNameSubstitutor' and 'PrefixingImageNameSubstitutor')
00:34:06.679 [main] INFO org.testcontainers.DockerClientFactory -- Testcontainers version: 1.21.3
00:34:06.997 [main] INFO org.testcontainers.dockerclient.DockerClientProviderStrategy -- Found Docker environment with local Unix socket (unix:///var/run/docker.sock)
00:34:07.004 [main] INFO org.testcontainers.DockerClientFactory -- Docker host IP address is host.docker.internal
00:34:07.025 [main] INFO org.testcontainers.DockerClientFactory -- Connected to docker: 
  Server Version: 28.3.2
  API Version: 1.51
  Operating System: Docker Desktop
  Total Memory: 7873 MB
  Labels: 
    com.docker.desktop.address=unix:///var/run/docker-cli.sock
00:34:07.124 [main] INFO tc.testcontainers/ryuk:0.12.0 -- Creating container for image: testcontainers/ryuk:0.12.0
00:34:07.127 [main] INFO org.testcontainers.utility.RegistryAuthLocator -- Failure when attempting to lookup auth config. Please ignore if you don't have images in an authenticated registry. Details: (dockerImageName: testcontainers/ryuk:0.12.0, configFile: /root/.docker/config.json, configEnv: DOCKER_AUTH_CONFIG). Falling back to docker-java default behaviour. Exception message: Status 404: No config supplied. Checked in order: /root/.docker/config.json (file not found), DOCKER_AUTH_CONFIG (not set)
00:34:07.233 [main] INFO tc.testcontainers/ryuk:0.12.0 -- Container testcontainers/ryuk:0.12.0 is starting: de6413fb417b1bea160379d8ff5dc0b7c3f5648eb79301dd873dcc34b6cd3e5e
00:34:07.571 [main] INFO tc.testcontainers/ryuk:0.12.0 -- Container testcontainers/ryuk:0.12.0 started in PT0.447558438S
00:34:07.579 [main] INFO org.testcontainers.utility.RyukResourceReaper -- Ryuk started - will monitor and terminate Testcontainers containers on JVM exit
00:34:07.579 [main] INFO org.testcontainers.DockerClientFactory -- Checking the system...
00:34:07.580 [main] INFO org.testcontainers.DockerClientFactory -- ✔︎ Docker server version should be at least 1.6.0
00:34:07.635 [main] INFO org.springframework.boot.test.context.SpringBootTestContextBootstrapper -- Found @SpringBootConfiguration com.thiagosalvess.booking.BookingApplication for test class com.thiagosalvess.booking.infrastructure.repositories.UserRepositoryJpaTest
00:34:07.642 [main] INFO tc.postgres:17.6 -- Creating container for image: postgres:17.6
00:34:07.709 [main] INFO tc.postgres:17.6 -- Container postgres:17.6 is starting: 5e9da5228f1b6996d51f955a77ccce7aaf5da5161d701d778aeb4e0d8e239dad
00:34:08.989 [main] INFO tc.postgres:17.6 -- Container postgres:17.6 started in PT1.346959816S
00:34:08.989 [main] INFO tc.postgres:17.6 -- Container is started (JDBC URL: jdbc:postgresql://host.docker.internal:52174/test?loggerLevel=OFF)
00:34:09.009 [main] INFO org.springframework.boot.devtools.restart.RestartApplicationListener -- Restart disabled due to context in which it is running

  .   ____          _            __ _ _
 /\\ / ___'_ __ _ _(_)_ __  __ _ \ \ \ \
( ( )\___ | '_ | '_| | '_ \/ _` | \ \ \ \
 \\/  ___)| |_)| | | | | || (_| |  ) ) ) )
  '  |____| .__|_| |_|_| |_\__, | / / / /
 =========|_|==============|___/=/_/_/_/

 :: Spring Boot ::                (v3.5.4)

2025-08-24T00:34:09.184Z  INFO 66 --- [           main] c.t.b.i.r.UserRepositoryJpaTest          : Starting UserRepositoryJpaTest using Java 21.0.4 with PID 66 (started by root in /workspace)
2025-08-24T00:34:09.185Z  INFO 66 --- [           main] c.t.b.i.r.UserRepositoryJpaTest          : No active profile set, falling back to 1 default profile: "default"
2025-08-24T00:34:09.385Z  INFO 66 --- [           main] .s.d.r.c.RepositoryConfigurationDelegate : Bootstrapping Spring Data JPA repositories in DEFAULT mode.
2025-08-24T00:34:09.429Z  INFO 66 --- [           main] .s.d.r.c.RepositoryConfigurationDelegate : Finished Spring Data repository scanning in 36 ms. Found 3 JPA repository interfaces.
2025-08-24T00:34:09.694Z  INFO 66 --- [           main] o.hibernate.jpa.internal.util.LogHelper  : HHH000204: Processing PersistenceUnitInfo [name: default]
2025-08-24T00:34:09.725Z  INFO 66 --- [           main] org.hibernate.Version                    : HHH000412: Hibernate ORM core version 6.6.22.Final
2025-08-24T00:34:09.746Z  INFO 66 --- [           main] o.h.c.internal.RegionFactoryInitiator    : HHH000026: Second-level cache disabled
2025-08-24T00:34:09.820Z  INFO 66 --- [           main] o.s.o.j.p.SpringPersistenceUnitInfo      : No LoadTimeWeaver setup: ignoring JPA class transformer
2025-08-24T00:34:09.838Z  INFO 66 --- [           main] com.zaxxer.hikari.HikariDataSource       : HikariPool-1 - Starting...
2025-08-24T00:34:09.950Z  INFO 66 --- [           main] com.zaxxer.hikari.pool.HikariPool        : HikariPool-1 - Added connection org.postgresql.jdbc.PgConnection@58679ff
2025-08-24T00:34:09.951Z  INFO 66 --- [           main] com.zaxxer.hikari.HikariDataSource       : HikariPool-1 - Start completed.
2025-08-24T00:34:10.001Z  INFO 66 --- [           main] org.hibernate.orm.connections.pooling    : HHH10001005: Database info:
	Database JDBC URL [Connecting through datasource 'HikariDataSource (HikariPool-1)']
	Database driver: undefined/unknown
	Database version: 17.6
	Autocommit mode: undefined/unknown
	Isolation level: undefined/unknown
	Minimum pool size: undefined/unknown
	Maximum pool size: undefined/unknown
2025-08-24T00:34:10.544Z  INFO 66 --- [           main] o.h.e.t.j.p.i.JtaPlatformInitiator       : HHH000489: No JTA platform available (set 'hibernate.transaction.jta.platform' to enable JTA platform integration)
Hibernate: set client_min_messages = WARNING
Hibernate: alter table if exists bookings drop constraint if exists FK3ssvol26ajmfox323uk7n9pun
Hibernate: alter table if exists bookings drop constraint if exists FKj94ktyvmw1driaufktolkpj1c
Hibernate: drop table if exists bookings cascade
Hibernate: drop table if exists properties cascade
Hibernate: drop table if exists users cascade
Hibernate: create table bookings (end_date date, guest_count integer, start_date date, total_price float(53), guest_id uuid, id uuid not null, property_id uuid, status varchar(255) check (status in ('CONFIRMED','CANCELLED')), primary key (id))
Hibernate: create table properties (base_price_per_night float(53), max_guests integer, id uuid not null, description varchar(255), name varchar(255), primary key (id))
Hibernate: create table users (id uuid not null, name varchar(255), primary key (id))
Hibernate: alter table if exists bookings add constraint FK3ssvol26ajmfox323uk7n9pun foreign key (guest_id) references users
Hibernate: alter table if exists bookings add constraint FKj94ktyvmw1driaufktolkpj1c foreign key (property_id) references properties
2025-08-24T00:34:10.578Z  INFO 66 --- [           main] j.LocalContainerEntityManagerFactoryBean : Initialized JPA EntityManagerFactory for persistence unit 'default'
2025-08-24T00:34:10.764Z  INFO 66 --- [           main] c.t.b.i.r.UserRepositoryJpaTest          : Started UserRepositoryJpaTest in 1.759 seconds (process running for 6.023)
Hibernate: select ue1_0.id,ue1_0.name from users ue1_0 where ue1_0.id=?
]]></system-out>
  </testcase>
  <testcase name="shouldReturnEmptyWhenSearchingForNonExistentUser" classname="com.thiagosalvess.booking.infrastructure.repositories.UserRepositoryJpaTest" time="0.008">
    <system-out><![CDATA[Hibernate: select ue1_0.id,ue1_0.name from users ue1_0 where ue1_0.id=?
]]></system-out>
  </testcase>
  <testcase name="shouldSaveUserSuccessfuly" classname="com.thiagosalvess.booking.infrastructure.repositories.UserRepositoryJpaTest" time="0.008">
    <system-out><![CDATA[Hibernate: select ue1_0.id,ue1_0.name from users ue1_0 where ue1_0.id=?
]]></system-out>
  </testcase>
</testsuite>