<?xml version="1.0" encoding="UTF-8"?>
<testsuite xmlns:xsi="http://www.w3.org/2001/XMLSchema-instance" xsi:noNamespaceSchemaLocation="https://maven.apache.org/surefire/maven-surefire-plugin/xsd/surefire-test-report.xsd" version="3.0.2" name="com.thiagosalvess.booking.infrastructure.web.controllers.BookingControllerTest" time="2.695" tests="9" errors="0" skipped="0" failures="0">
  <properties>
[...]
</properties>
  <testcase name="ShouldReturn400WhenPropertyIsInvalid" classname="com.thiagosalvess.booking.infrastructure.web.controllers.BookingControllerTest" time="0.101">
    <system-out><![CDATA[2025-08-24T00:34:24.311Z  INFO 66 --- [           main] t.c.s.AnnotationConfigContextLoaderUtils : Could not detect default configuration classes for test class [com.thiagosalvess.booking.infrastructure.web.controllers.BookingControllerTest]: BookingControllerTest does not declare any static, non-private, non-final, nested classes annotated with @Configuration.
2025-08-24T00:34:24.316Z  INFO 66 --- [           main] .b.t.c.SpringBootTestContextBootstrapper : Found @SpringBootConfiguration com.thiagosalvess.booking.BookingApplication for test class com.thiagosalvess.booking.infrastructure.web.controllers.BookingControllerTest
2025-08-24T00:34:24.319Z  INFO 66 --- [           main] o.s.b.d.r.RestartApplicationListener     : Restart disabled due to context in which it is running

  .   ____          _            __ _ _
 /\\ / ___'_ __ _ _(_)_ __  __ _ \ \ \ \
( ( )\___ | '_ | '_| | '_ \/ _` | \ \ \ \
 \\/  ___)| |_)| | | | | || (_| |  ) ) ) )
  '  |____| .__|_| |_|_| |_\__, | / / / /
 =========|_|==============|___/=/_/_/_/

 :: Spring Boot ::                (v3.5.4)

2025-08-24T00:34:24.334Z  INFO 66 --- [           main] c.t.b.i.w.c.BookingControllerTest        : Starting BookingControllerTest using Java 21.0.4 with PID 66 (started by root in /workspace)
2025-08-24T00:34:24.334Z  INFO 66 --- [           main] c.t.b.i.w.c.BookingControllerTest        : The following 1 profile is active: "test"
2025-08-24T00:34:24.443Z  INFO 66 --- [           main] .s.d.r.c.RepositoryConfigurationDelegate : Bootstrapping Spring Data JPA repositories in DEFAULT mode.
2025-08-24T00:34:24.453Z  INFO 66 --- [           main] .s.d.r.c.RepositoryConfigurationDelegate : Finished Spring Data repository scanning in 8 ms. Found 3 JPA repository interfaces.
2025-08-24T00:34:24.489Z  INFO 66 --- [           main] tc.postgres:17-alpine                    : Creating container for image: postgres:17-alpine
2025-08-24T00:34:24.586Z  INFO 66 --- [           main] tc.postgres:17-alpine                    : Container postgres:17-alpine is starting: 29b828022072096233dbb10aa0c06c131c76953d6f08afdbafc89c23316fc5f6
2025-08-24T00:34:26.310Z  INFO 66 --- [           main] tc.postgres:17-alpine                    : Container postgres:17-alpine started in PT1.821428922S
2025-08-24T00:34:26.311Z  INFO 66 --- [           main] tc.postgres:17-alpine                    : Container is started (JDBC URL: jdbc:postgresql://host.docker.internal:64554/test?loggerLevel=OFF)
2025-08-24T00:34:26.361Z  INFO 66 --- [           main] o.hibernate.jpa.internal.util.LogHelper  : HHH000204: Processing PersistenceUnitInfo [name: default]
2025-08-24T00:34:26.362Z  INFO 66 --- [           main] o.h.c.internal.RegionFactoryInitiator    : HHH000026: Second-level cache disabled
2025-08-24T00:34:26.367Z  INFO 66 --- [           main] o.s.o.j.p.SpringPersistenceUnitInfo      : No LoadTimeWeaver setup: ignoring JPA class transformer
2025-08-24T00:34:26.368Z  INFO 66 --- [           main] com.zaxxer.hikari.HikariDataSource       : HikariPool-6 - Starting...
2025-08-24T00:34:26.393Z  INFO 66 --- [           main] com.zaxxer.hikari.pool.HikariPool        : HikariPool-6 - Added connection org.postgresql.jdbc.PgConnection@498876f2
2025-08-24T00:34:26.393Z  INFO 66 --- [           main] com.zaxxer.hikari.HikariDataSource       : HikariPool-6 - Start completed.
2025-08-24T00:34:26.400Z  WARN 66 --- [           main] org.hibernate.orm.deprecation            : HHH90000025: PostgreSQLDialect does not need to be specified explicitly using 'hibernate.dialect' (remove the property setting and it will be selected by default)
2025-08-24T00:34:26.404Z  INFO 66 --- [           main] org.hibernate.orm.connections.pooling    : HHH10001005: Database info:
	Database JDBC URL [Connecting through datasource 'HikariDataSource (HikariPool-6)']
	Database driver: undefined/unknown
	Database version: 17.6
	Autocommit mode: undefined/unknown
	Isolation level: undefined/unknown
	Minimum pool size: undefined/unknown
	Maximum pool size: undefined/unknown
2025-08-24T00:34:26.428Z  INFO 66 --- [           main] o.h.e.t.j.p.i.JtaPlatformInitiator       : HHH000489: No JTA platform available (set 'hibernate.transaction.jta.platform' to enable JTA platform integration)
2025-08-24T00:34:26.460Z  INFO 66 --- [           main] j.LocalContainerEntityManagerFactoryBean : Initialized JPA EntityManagerFactory for persistence unit 'default'
2025-08-24T00:34:26.511Z  WARN 66 --- [           main] JpaBaseConfiguration$JpaWebConfiguration : spring.jpa.open-in-view is enabled by default. Therefore, database queries may be performed during view rendering. Explicitly configure spring.jpa.open-in-view to disable this warning
2025-08-24T00:34:26.570Z  INFO 66 --- [           main] o.s.b.t.m.w.SpringBootMockServletContext : Initializing Spring TestDispatcherServlet ''
2025-08-24T00:34:26.570Z  INFO 66 --- [           main] o.s.t.web.servlet.TestDispatcherServlet  : Initializing Servlet ''
2025-08-24T00:34:26.570Z  INFO 66 --- [           main] o.s.t.web.servlet.TestDispatcherServlet  : Completed initialization in 0 ms
2025-08-24T00:34:26.575Z  INFO 66 --- [           main] c.t.b.i.w.c.BookingControllerTest        : Started BookingControllerTest in 2.256 seconds (process running for 19.114)
]]></system-out>
  </testcase>
  <testcase name="shouldReturn400WhenStartDateIsInvalid" classname="com.thiagosalvess.booking.infrastructure.web.controllers.BookingControllerTest" time="0.044"/>
  <testcase name="shouldReturn404WhenPropertyIdIsInvalid" classname="com.thiagosalvess.booking.infrastructure.web.controllers.BookingControllerTest" time="0.038"/>
  <testcase name="shouldCreateABookingSuccessfully" classname="com.thiagosalvess.booking.infrastructure.web.controllers.BookingControllerTest" time="0.044"/>
  <testcase name="shouldReturnAnErrorWhenCancelingAnInexistentReservation" classname="com.thiagosalvess.booking.infrastructure.web.controllers.BookingControllerTest" time="0.039"/>
  <testcase name="shouldReturn400WhenEndDateIsInvalid" classname="com.thiagosalvess.booking.infrastructure.web.controllers.BookingControllerTest" time="0.029"/>
  <testcase name="shouldCancelAReservation" classname="com.thiagosalvess.booking.infrastructure.web.controllers.BookingControllerTest" time="0.057"/>
  <testcase name="shouldReturn422WhenGuestCountIsInvalid" classname="com.thiagosalvess.booking.infrastructure.web.controllers.BookingControllerTest" time="0.035"/>
  <testcase name="shouldReturn404WhenUserIdIsInvalid" classname="com.thiagosalvess.booking.infrastructure.web.controllers.BookingControllerTest" time="0.032"/>
</testsuite>